2018-03-03 15:06:24,550 INFO o.a.j.u.JMeterUtils: Setting Locale to en_US
2018-03-03 15:06:24,591 INFO o.a.j.JMeter: Loading user properties from: /Users/alperenkaraoglu/apache-jmeter-4.0/bin/user.properties
2018-03-03 15:06:24,594 INFO o.a.j.JMeter: Loading system properties from: /Users/alperenkaraoglu/apache-jmeter-4.0/bin/system.properties
2018-03-03 15:06:24,607 INFO o.a.j.JMeter: Copyright (c) 1998-2018 The Apache Software Foundation
2018-03-03 15:06:24,607 INFO o.a.j.JMeter: Version 4.0 r1823414
2018-03-03 15:06:24,607 INFO o.a.j.JMeter: java.version=1.8.0_151
2018-03-03 15:06:24,607 INFO o.a.j.JMeter: java.vm.name=Java HotSpot(TM) 64-Bit Server VM
2018-03-03 15:06:24,607 INFO o.a.j.JMeter: os.name=Mac OS X
2018-03-03 15:06:24,607 INFO o.a.j.JMeter: os.arch=x86_64
2018-03-03 15:06:24,607 INFO o.a.j.JMeter: os.version=10.13.2
2018-03-03 15:06:24,607 INFO o.a.j.JMeter: file.encoding=UTF-8
2018-03-03 15:06:24,607 INFO o.a.j.JMeter: Max memory     =3817865216
2018-03-03 15:06:24,608 INFO o.a.j.JMeter: Available Processors =8
2018-03-03 15:06:24,613 INFO o.a.j.JMeter: Default Locale=English (United States)
2018-03-03 15:06:24,614 INFO o.a.j.JMeter: JMeter  Locale=English (United States)
2018-03-03 15:06:24,614 INFO o.a.j.JMeter: JMeterHome=/Users/alperenkaraoglu/apache-jmeter-4.0
2018-03-03 15:06:24,614 INFO o.a.j.JMeter: user.dir  =/Users/alperenkaraoglu/apache-jmeter-4.0
2018-03-03 15:06:24,615 INFO o.a.j.JMeter: PWD       =/Users/alperenkaraoglu/apache-jmeter-4.0
2018-03-03 15:06:24,619 INFO o.a.j.JMeter: IP: 10.171.214.231 Name: Alperens-MacBook-Pro.local FullName: 10.171.214.231
2018-03-03 15:06:28,210 INFO o.a.j.g.a.LookAndFeelCommand: Installing Darcula LAF
2018-03-03 15:06:28,261 INFO o.a.j.g.a.LookAndFeelCommand: Using look and feel: com.bulenkov.darcula.DarculaLaf [Darcula]
2018-03-03 15:06:28,261 INFO o.a.j.JMeter: Setting LAF to: com.bulenkov.darcula.DarculaLaf
2018-03-03 15:06:28,468 INFO o.a.j.JMeter: Loaded icon properties from org/apache/jmeter/images/icon.properties
2018-03-03 15:06:29,197 INFO o.a.j.e.u.CompoundVariable: Note: Function class names must contain the string: '.functions.'
2018-03-03 15:06:29,197 INFO o.a.j.e.u.CompoundVariable: Note: Function class names must not contain the string: '.gui.'
2018-03-03 15:06:31,648 INFO o.a.j.p.h.s.HTTPSamplerBase: Parser for text/html is org.apache.jmeter.protocol.http.parser.LagartoBasedHtmlParser
2018-03-03 15:06:31,649 INFO o.a.j.p.h.s.HTTPSamplerBase: Parser for application/xhtml+xml is org.apache.jmeter.protocol.http.parser.LagartoBasedHtmlParser
2018-03-03 15:06:31,649 INFO o.a.j.p.h.s.HTTPSamplerBase: Parser for application/xml is org.apache.jmeter.protocol.http.parser.LagartoBasedHtmlParser
2018-03-03 15:06:31,649 INFO o.a.j.p.h.s.HTTPSamplerBase: Parser for text/xml is org.apache.jmeter.protocol.http.parser.LagartoBasedHtmlParser
2018-03-03 15:06:31,649 INFO o.a.j.p.h.s.HTTPSamplerBase: Parser for text/vnd.wap.wml is org.apache.jmeter.protocol.http.parser.RegexpHTMLParser
2018-03-03 15:06:31,649 INFO o.a.j.p.h.s.HTTPSamplerBase: Parser for text/css is org.apache.jmeter.protocol.http.parser.CssParser
2018-03-03 15:06:32,042 INFO o.a.j.e.KeyToolUtils: keytool found at 'keytool'
2018-03-03 15:06:32,043 INFO o.a.j.p.h.p.ProxyControl: HTTP(S) Test Script Recorder SSL Proxy will use keys that support embedded 3rd party resources in file /Users/alperenkaraoglu/apache-jmeter-4.0/bin/proxyserver.jks
2018-03-03 15:06:32,168 INFO o.a.j.s.FileServer: Default base='/Users/alperenkaraoglu/apache-jmeter-4.0'
2018-03-03 15:06:32,534 INFO o.a.j.s.SampleResult: Note: Sample TimeStamps are START times
2018-03-03 15:06:32,534 INFO o.a.j.s.SampleResult: sampleresult.default.encoding is set to ISO-8859-1
2018-03-03 15:06:32,534 INFO o.a.j.s.SampleResult: sampleresult.useNanoTime=true
2018-03-03 15:06:32,535 INFO o.a.j.s.SampleResult: sampleresult.nanoThreadSleep=5000
2018-03-03 15:31:51,640 INFO o.a.j.s.FileServer: Set new base='/Users/alperenkaraoglu/apache-jmeter-4.0'
2018-03-03 15:31:51,780 INFO o.a.j.s.SaveService: Testplan (JMX) version: 2.2. Testlog (JTL) version: 2.2
2018-03-03 15:31:51,792 INFO o.a.j.s.SaveService: Using SaveService properties file encoding UTF-8
2018-03-03 15:31:51,793 INFO o.a.j.s.SaveService: Using SaveService properties version 4.0
2018-03-03 15:31:51,821 INFO o.a.j.e.StandardJMeterEngine: Running the test!
2018-03-03 15:31:51,822 INFO o.a.j.s.SampleEvent: List of sample_variables: []
2018-03-03 15:31:51,822 INFO o.a.j.s.SampleEvent: List of sample_variables: []
2018-03-03 15:31:51,826 INFO o.a.j.g.u.JMeterMenuBar: setRunning(true, *local*)
2018-03-03 15:31:52,020 INFO o.a.j.e.StandardJMeterEngine: Starting ThreadGroup: 1 : Users
2018-03-03 15:31:52,020 INFO o.a.j.e.StandardJMeterEngine: Starting 1 threads for group Users.
2018-03-03 15:31:52,020 INFO o.a.j.e.StandardJMeterEngine: Thread will continue on error
2018-03-03 15:31:52,021 INFO o.a.j.t.ThreadGroup: Starting thread group... number=1 threads=1 ramp-up=1 perThread=1000.0 delayedStart=false
2018-03-03 15:31:52,024 INFO o.a.j.t.ThreadGroup: Started thread group number 1
2018-03-03 15:31:52,024 INFO o.a.j.e.StandardJMeterEngine: All thread groups have been started
2018-03-03 15:31:52,026 INFO o.a.j.t.JMeterThread: Thread started: Users 1-1
2018-03-03 15:31:52,049 INFO o.a.j.p.h.s.HTTPHCAbstractImpl: Local host = Alperens-MacBook-Pro.local
2018-03-03 15:31:52,056 INFO o.a.j.p.h.s.HTTPHC4Impl: HTTP request retry count = 0
2018-03-03 15:31:52,089 INFO o.a.j.t.JMeterThread: Thread is done: Users 1-1
2018-03-03 15:31:52,089 INFO o.a.j.t.JMeterThread: Thread finished: Users 1-1
2018-03-03 15:31:52,089 INFO o.a.j.e.StandardJMeterEngine: Notifying test listeners of end of test
2018-03-03 15:31:52,090 INFO o.a.j.g.u.JMeterMenuBar: setRunning(false, *local*)
2018-03-03 15:31:59,035 INFO o.a.j.e.StandardJMeterEngine: Running the test!
2018-03-03 15:31:59,035 INFO o.a.j.s.SampleEvent: List of sample_variables: []
2018-03-03 15:31:59,037 INFO o.a.j.g.u.JMeterMenuBar: setRunning(true, *local*)
2018-03-03 15:31:59,221 INFO o.a.j.e.StandardJMeterEngine: Starting ThreadGroup: 1 : Users
2018-03-03 15:31:59,221 INFO o.a.j.e.StandardJMeterEngine: Starting 1 threads for group Users.
2018-03-03 15:31:59,221 INFO o.a.j.e.StandardJMeterEngine: Thread will continue on error
2018-03-03 15:31:59,221 INFO o.a.j.t.ThreadGroup: Starting thread group... number=1 threads=1 ramp-up=1 perThread=1000.0 delayedStart=false
2018-03-03 15:31:59,222 INFO o.a.j.t.ThreadGroup: Started thread group number 1
2018-03-03 15:31:59,222 INFO o.a.j.e.StandardJMeterEngine: All thread groups have been started
2018-03-03 15:31:59,223 INFO o.a.j.t.JMeterThread: Thread started: Users 1-1
2018-03-03 15:31:59,224 INFO o.a.j.t.JMeterThread: Thread is done: Users 1-1
2018-03-03 15:31:59,225 INFO o.a.j.t.JMeterThread: Thread finished: Users 1-1
2018-03-03 15:31:59,225 INFO o.a.j.e.StandardJMeterEngine: Notifying test listeners of end of test
2018-03-03 15:31:59,225 INFO o.a.j.g.u.JMeterMenuBar: setRunning(false, *local*)
2018-03-03 15:33:14,786 INFO o.a.j.e.StandardJMeterEngine: Running the test!
2018-03-03 15:33:14,787 INFO o.a.j.s.SampleEvent: List of sample_variables: []
2018-03-03 15:33:14,788 INFO o.a.j.g.u.JMeterMenuBar: setRunning(true, *local*)
2018-03-03 15:33:14,972 INFO o.a.j.e.StandardJMeterEngine: Starting ThreadGroup: 1 : Users
2018-03-03 15:33:14,972 INFO o.a.j.e.StandardJMeterEngine: Starting 1 threads for group Users.
2018-03-03 15:33:14,972 INFO o.a.j.e.StandardJMeterEngine: Thread will continue on error
2018-03-03 15:33:14,972 INFO o.a.j.t.ThreadGroup: Starting thread group... number=1 threads=1 ramp-up=1 perThread=1000.0 delayedStart=false
2018-03-03 15:33:14,973 INFO o.a.j.t.ThreadGroup: Started thread group number 1
2018-03-03 15:33:14,973 INFO o.a.j.e.StandardJMeterEngine: All thread groups have been started
2018-03-03 15:33:14,974 INFO o.a.j.t.JMeterThread: Thread started: Users 1-1
2018-03-03 15:33:14,975 INFO o.a.j.t.JMeterThread: Thread is done: Users 1-1
2018-03-03 15:33:14,975 INFO o.a.j.t.JMeterThread: Thread finished: Users 1-1
2018-03-03 15:33:14,975 INFO o.a.j.e.StandardJMeterEngine: Notifying test listeners of end of test
2018-03-03 15:33:14,975 INFO o.a.j.g.u.JMeterMenuBar: setRunning(false, *local*)
2018-03-03 15:33:15,603 INFO o.a.j.e.StandardJMeterEngine: Running the test!
2018-03-03 15:33:15,604 INFO o.a.j.s.SampleEvent: List of sample_variables: []
2018-03-03 15:33:15,605 INFO o.a.j.g.u.JMeterMenuBar: setRunning(true, *local*)
2018-03-03 15:33:15,673 INFO o.a.j.e.StandardJMeterEngine: Starting ThreadGroup: 1 : Users
2018-03-03 15:33:15,673 INFO o.a.j.e.StandardJMeterEngine: Starting 1 threads for group Users.
2018-03-03 15:33:15,674 INFO o.a.j.e.StandardJMeterEngine: Thread will continue on error
2018-03-03 15:33:15,674 INFO o.a.j.t.ThreadGroup: Starting thread group... number=1 threads=1 ramp-up=1 perThread=1000.0 delayedStart=false
2018-03-03 15:33:15,674 INFO o.a.j.t.ThreadGroup: Started thread group number 1
2018-03-03 15:33:15,674 INFO o.a.j.e.StandardJMeterEngine: All thread groups have been started
2018-03-03 15:33:15,675 INFO o.a.j.t.JMeterThread: Thread started: Users 1-1
2018-03-03 15:33:15,676 INFO o.a.j.t.JMeterThread: Thread is done: Users 1-1
2018-03-03 15:33:15,676 INFO o.a.j.t.JMeterThread: Thread finished: Users 1-1
2018-03-03 15:33:15,677 INFO o.a.j.e.StandardJMeterEngine: Notifying test listeners of end of test
2018-03-03 15:33:15,677 INFO o.a.j.g.u.JMeterMenuBar: setRunning(false, *local*)
2018-03-03 15:33:33,206 INFO o.a.j.e.StandardJMeterEngine: Running the test!
2018-03-03 15:33:33,207 INFO o.a.j.s.SampleEvent: List of sample_variables: []
2018-03-03 15:33:33,209 INFO o.a.j.g.u.JMeterMenuBar: setRunning(true, *local*)
2018-03-03 15:33:33,272 INFO o.a.j.e.StandardJMeterEngine: Starting ThreadGroup: 1 : Users
2018-03-03 15:33:33,272 INFO o.a.j.e.StandardJMeterEngine: Starting 1 threads for group Users.
2018-03-03 15:33:33,272 INFO o.a.j.e.StandardJMeterEngine: Thread will continue on error
2018-03-03 15:33:33,273 INFO o.a.j.t.ThreadGroup: Starting thread group... number=1 threads=1 ramp-up=1 perThread=1000.0 delayedStart=false
2018-03-03 15:33:33,274 INFO o.a.j.t.ThreadGroup: Started thread group number 1
2018-03-03 15:33:33,275 INFO o.a.j.e.StandardJMeterEngine: All thread groups have been started
2018-03-03 15:33:33,275 INFO o.a.j.t.JMeterThread: Thread started: Users 1-1
2018-03-03 15:33:33,404 INFO o.a.j.t.JMeterThread: Thread is done: Users 1-1
2018-03-03 15:33:33,404 INFO o.a.j.t.JMeterThread: Thread finished: Users 1-1
2018-03-03 15:33:33,406 INFO o.a.j.e.StandardJMeterEngine: Notifying test listeners of end of test
2018-03-03 15:33:33,406 INFO o.a.j.g.u.JMeterMenuBar: setRunning(false, *local*)
2018-03-03 15:33:58,823 INFO o.a.j.e.StandardJMeterEngine: Running the test!
2018-03-03 15:33:58,823 INFO o.a.j.s.SampleEvent: List of sample_variables: []
2018-03-03 15:33:58,823 INFO o.a.j.g.u.JMeterMenuBar: setRunning(true, *local*)
2018-03-03 15:33:58,952 INFO o.a.j.e.StandardJMeterEngine: Starting ThreadGroup: 1 : Users
2018-03-03 15:33:58,952 INFO o.a.j.e.StandardJMeterEngine: Starting 1 threads for group Users.
2018-03-03 15:33:58,952 INFO o.a.j.e.StandardJMeterEngine: Thread will continue on error
2018-03-03 15:33:58,953 INFO o.a.j.t.ThreadGroup: Starting thread group... number=1 threads=1 ramp-up=1 perThread=1000.0 delayedStart=false
2018-03-03 15:33:58,953 INFO o.a.j.t.ThreadGroup: Started thread group number 1
2018-03-03 15:33:58,953 INFO o.a.j.e.StandardJMeterEngine: All thread groups have been started
2018-03-03 15:33:58,953 INFO o.a.j.t.JMeterThread: Thread started: Users 1-1
2018-03-03 15:33:58,954 INFO o.a.j.t.JMeterThread: Thread is done: Users 1-1
2018-03-03 15:33:58,954 INFO o.a.j.t.JMeterThread: Thread finished: Users 1-1
2018-03-03 15:33:58,954 INFO o.a.j.e.StandardJMeterEngine: Notifying test listeners of end of test
2018-03-03 15:33:58,955 INFO o.a.j.g.u.JMeterMenuBar: setRunning(false, *local*)
2018-03-03 15:34:47,345 INFO o.a.j.e.StandardJMeterEngine: Running the test!
2018-03-03 15:34:47,346 INFO o.a.j.s.SampleEvent: List of sample_variables: []
2018-03-03 15:34:47,347 INFO o.a.j.g.u.JMeterMenuBar: setRunning(true, *local*)
2018-03-03 15:34:47,422 INFO o.a.j.e.StandardJMeterEngine: Starting ThreadGroup: 1 : Users
2018-03-03 15:34:47,422 INFO o.a.j.e.StandardJMeterEngine: Starting 1 threads for group Users.
2018-03-03 15:34:47,422 INFO o.a.j.e.StandardJMeterEngine: Thread will continue on error
2018-03-03 15:34:47,423 INFO o.a.j.t.ThreadGroup: Starting thread group... number=1 threads=1 ramp-up=1 perThread=1000.0 delayedStart=false
2018-03-03 15:34:47,423 INFO o.a.j.t.ThreadGroup: Started thread group number 1
2018-03-03 15:34:47,423 INFO o.a.j.e.StandardJMeterEngine: All thread groups have been started
2018-03-03 15:34:47,423 INFO o.a.j.t.JMeterThread: Thread started: Users 1-1
2018-03-03 15:34:47,424 INFO o.a.j.t.JMeterThread: Thread is done: Users 1-1
2018-03-03 15:34:47,424 INFO o.a.j.t.JMeterThread: Thread finished: Users 1-1
2018-03-03 15:34:47,424 INFO o.a.j.e.StandardJMeterEngine: Notifying test listeners of end of test
2018-03-03 15:34:47,424 INFO o.a.j.g.u.JMeterMenuBar: setRunning(false, *local*)
2018-03-03 15:35:00,029 INFO o.a.j.e.StandardJMeterEngine: Running the test!
2018-03-03 15:35:00,029 INFO o.a.j.s.SampleEvent: List of sample_variables: []
2018-03-03 15:35:00,030 INFO o.a.j.g.u.JMeterMenuBar: setRunning(true, *local*)
2018-03-03 15:35:00,085 INFO o.a.j.e.StandardJMeterEngine: Starting ThreadGroup: 1 : Users
2018-03-03 15:35:00,085 INFO o.a.j.e.StandardJMeterEngine: Starting 1 threads for group Users.
2018-03-03 15:35:00,085 INFO o.a.j.e.StandardJMeterEngine: Thread will continue on error
2018-03-03 15:35:00,086 INFO o.a.j.t.ThreadGroup: Starting thread group... number=1 threads=1 ramp-up=1 perThread=1000.0 delayedStart=false
2018-03-03 15:35:00,086 INFO o.a.j.t.ThreadGroup: Started thread group number 1
2018-03-03 15:35:00,086 INFO o.a.j.e.StandardJMeterEngine: All thread groups have been started
2018-03-03 15:35:00,086 INFO o.a.j.t.JMeterThread: Thread started: Users 1-1
2018-03-03 15:35:00,087 INFO o.a.j.t.JMeterThread: Thread is done: Users 1-1
2018-03-03 15:35:00,087 INFO o.a.j.t.JMeterThread: Thread finished: Users 1-1
2018-03-03 15:35:00,087 INFO o.a.j.e.StandardJMeterEngine: Notifying test listeners of end of test
2018-03-03 15:35:00,087 INFO o.a.j.g.u.JMeterMenuBar: setRunning(false, *local*)
2018-03-04 17:59:29,969 INFO o.a.j.e.StandardJMeterEngine: Running the test!
2018-03-04 17:59:29,973 INFO o.a.j.s.SampleEvent: List of sample_variables: []
2018-03-04 17:59:29,975 INFO o.a.j.g.u.JMeterMenuBar: setRunning(true, *local*)
2018-03-04 17:59:30,266 INFO o.a.j.e.StandardJMeterEngine: Starting ThreadGroup: 1 : Users
2018-03-04 17:59:30,266 INFO o.a.j.e.StandardJMeterEngine: Starting 1 threads for group Users.
2018-03-04 17:59:30,266 INFO o.a.j.e.StandardJMeterEngine: Thread will continue on error
2018-03-04 17:59:30,266 INFO o.a.j.t.ThreadGroup: Starting thread group... number=1 threads=1 ramp-up=1 perThread=1000.0 delayedStart=false
2018-03-04 17:59:30,266 INFO o.a.j.t.ThreadGroup: Started thread group number 1
2018-03-04 17:59:30,266 INFO o.a.j.e.StandardJMeterEngine: All thread groups have been started
2018-03-04 17:59:30,267 INFO o.a.j.t.JMeterThread: Thread started: Users 1-1
2018-03-04 17:59:30,268 INFO o.a.j.t.JMeterThread: Thread is done: Users 1-1
2018-03-04 17:59:30,268 INFO o.a.j.t.JMeterThread: Thread finished: Users 1-1
2018-03-04 17:59:30,268 INFO o.a.j.e.StandardJMeterEngine: Notifying test listeners of end of test
2018-03-04 17:59:30,269 INFO o.a.j.g.u.JMeterMenuBar: setRunning(false, *local*)
2018-03-04 17:59:45,580 INFO o.a.j.e.StandardJMeterEngine: Running the test!
2018-03-04 17:59:45,581 INFO o.a.j.s.SampleEvent: List of sample_variables: []
2018-03-04 17:59:45,582 INFO o.a.j.g.u.JMeterMenuBar: setRunning(true, *local*)
2018-03-04 17:59:45,769 INFO o.a.j.e.StandardJMeterEngine: Starting ThreadGroup: 1 : Users
2018-03-04 17:59:45,769 INFO o.a.j.e.StandardJMeterEngine: Starting 1 threads for group Users.
2018-03-04 17:59:45,769 INFO o.a.j.e.StandardJMeterEngine: Thread will continue on error
2018-03-04 17:59:45,769 INFO o.a.j.t.ThreadGroup: Starting thread group... number=1 threads=1 ramp-up=1 perThread=1000.0 delayedStart=false
2018-03-04 17:59:45,770 INFO o.a.j.t.ThreadGroup: Started thread group number 1
2018-03-04 17:59:45,770 INFO o.a.j.e.StandardJMeterEngine: All thread groups have been started
2018-03-04 17:59:45,770 INFO o.a.j.t.JMeterThread: Thread started: Users 1-1
2018-03-04 17:59:45,771 INFO o.a.j.t.JMeterThread: Thread is done: Users 1-1
2018-03-04 17:59:45,771 INFO o.a.j.t.JMeterThread: Thread finished: Users 1-1
2018-03-04 17:59:45,771 INFO o.a.j.e.StandardJMeterEngine: Notifying test listeners of end of test
2018-03-04 17:59:45,771 INFO o.a.j.g.u.JMeterMenuBar: setRunning(false, *local*)
2018-03-04 18:00:09,113 INFO o.a.j.e.StandardJMeterEngine: Running the test!
2018-03-04 18:00:09,113 INFO o.a.j.s.SampleEvent: List of sample_variables: []
2018-03-04 18:00:09,114 INFO o.a.j.g.u.JMeterMenuBar: setRunning(true, *local*)
2018-03-04 18:00:09,185 INFO o.a.j.e.StandardJMeterEngine: Starting ThreadGroup: 1 : Users
2018-03-04 18:00:09,185 INFO o.a.j.e.StandardJMeterEngine: Starting 1 threads for group Users.
2018-03-04 18:00:09,185 INFO o.a.j.e.StandardJMeterEngine: Thread will continue on error
2018-03-04 18:00:09,185 INFO o.a.j.t.ThreadGroup: Starting thread group... number=1 threads=1 ramp-up=1 perThread=1000.0 delayedStart=false
2018-03-04 18:00:09,186 INFO o.a.j.t.ThreadGroup: Started thread group number 1
2018-03-04 18:00:09,186 INFO o.a.j.e.StandardJMeterEngine: All thread groups have been started
2018-03-04 18:00:09,186 INFO o.a.j.t.JMeterThread: Thread started: Users 1-1
2018-03-04 18:00:09,669 INFO o.a.j.t.JMeterThread: Thread is done: Users 1-1
2018-03-04 18:00:09,669 INFO o.a.j.t.JMeterThread: Thread finished: Users 1-1
2018-03-04 18:00:09,669 INFO o.a.j.e.StandardJMeterEngine: Notifying test listeners of end of test
2018-03-04 18:00:09,670 INFO o.a.j.g.u.JMeterMenuBar: setRunning(false, *local*)
2018-03-04 18:12:23,581 INFO o.a.j.e.StandardJMeterEngine: Running the test!
2018-03-04 18:12:23,582 INFO o.a.j.s.SampleEvent: List of sample_variables: []
2018-03-04 18:12:23,582 INFO o.a.j.g.u.JMeterMenuBar: setRunning(true, *local*)
2018-03-04 18:12:23,744 INFO o.a.j.e.StandardJMeterEngine: Starting ThreadGroup: 1 : Users
2018-03-04 18:12:23,744 INFO o.a.j.e.StandardJMeterEngine: Starting 1 threads for group Users.
2018-03-04 18:12:23,744 INFO o.a.j.e.StandardJMeterEngine: Thread will continue on error
2018-03-04 18:12:23,744 INFO o.a.j.t.ThreadGroup: Starting thread group... number=1 threads=1 ramp-up=1 perThread=1000.0 delayedStart=false
2018-03-04 18:12:23,745 INFO o.a.j.t.ThreadGroup: Started thread group number 1
2018-03-04 18:12:23,745 INFO o.a.j.e.StandardJMeterEngine: All thread groups have been started
2018-03-04 18:12:23,745 INFO o.a.j.t.JMeterThread: Thread started: Users 1-1
2018-03-04 18:12:24,058 INFO o.a.j.t.JMeterThread: Thread is done: Users 1-1
2018-03-04 18:12:24,059 INFO o.a.j.t.JMeterThread: Thread finished: Users 1-1
2018-03-04 18:12:24,059 INFO o.a.j.e.StandardJMeterEngine: Notifying test listeners of end of test
2018-03-04 18:12:24,059 INFO o.a.j.g.u.JMeterMenuBar: setRunning(false, *local*)
2018-03-04 18:12:25,418 INFO o.a.j.e.StandardJMeterEngine: Running the test!
2018-03-04 18:12:25,418 INFO o.a.j.s.SampleEvent: List of sample_variables: []
2018-03-04 18:12:25,419 INFO o.a.j.g.u.JMeterMenuBar: setRunning(true, *local*)
2018-03-04 18:12:25,481 INFO o.a.j.e.StandardJMeterEngine: Starting ThreadGroup: 1 : Users
2018-03-04 18:12:25,482 INFO o.a.j.e.StandardJMeterEngine: Starting 1 threads for group Users.
2018-03-04 18:12:25,482 INFO o.a.j.e.StandardJMeterEngine: Thread will continue on error
2018-03-04 18:12:25,482 INFO o.a.j.t.ThreadGroup: Starting thread group... number=1 threads=1 ramp-up=1 perThread=1000.0 delayedStart=false
2018-03-04 18:12:25,482 INFO o.a.j.t.ThreadGroup: Started thread group number 1
2018-03-04 18:12:25,482 INFO o.a.j.e.StandardJMeterEngine: All thread groups have been started
2018-03-04 18:12:25,482 INFO o.a.j.t.JMeterThread: Thread started: Users 1-1
2018-03-04 18:12:25,632 INFO o.a.j.t.JMeterThread: Thread is done: Users 1-1
2018-03-04 18:12:25,632 INFO o.a.j.t.JMeterThread: Thread finished: Users 1-1
2018-03-04 18:12:25,633 INFO o.a.j.e.StandardJMeterEngine: Notifying test listeners of end of test
2018-03-04 18:12:25,633 INFO o.a.j.g.u.JMeterMenuBar: setRunning(false, *local*)
2018-03-04 18:12:26,428 INFO o.a.j.e.StandardJMeterEngine: Running the test!
2018-03-04 18:12:26,429 INFO o.a.j.s.SampleEvent: List of sample_variables: []
2018-03-04 18:12:26,429 INFO o.a.j.g.u.JMeterMenuBar: setRunning(true, *local*)
2018-03-04 18:12:26,525 INFO o.a.j.e.StandardJMeterEngine: Starting ThreadGroup: 1 : Users
2018-03-04 18:12:26,525 INFO o.a.j.e.StandardJMeterEngine: Starting 1 threads for group Users.
2018-03-04 18:12:26,525 INFO o.a.j.e.StandardJMeterEngine: Thread will continue on error
2018-03-04 18:12:26,526 INFO o.a.j.t.ThreadGroup: Starting thread group... number=1 threads=1 ramp-up=1 perThread=1000.0 delayedStart=false
2018-03-04 18:12:26,526 INFO o.a.j.t.ThreadGroup: Started thread group number 1
2018-03-04 18:12:26,526 INFO o.a.j.e.StandardJMeterEngine: All thread groups have been started
2018-03-04 18:12:26,526 INFO o.a.j.t.JMeterThread: Thread started: Users 1-1
2018-03-04 18:12:26,695 INFO o.a.j.t.JMeterThread: Thread is done: Users 1-1
2018-03-04 18:12:26,695 INFO o.a.j.t.JMeterThread: Thread finished: Users 1-1
2018-03-04 18:12:26,696 INFO o.a.j.e.StandardJMeterEngine: Notifying test listeners of end of test
2018-03-04 18:12:26,696 INFO o.a.j.g.u.JMeterMenuBar: setRunning(false, *local*)
2018-03-04 18:12:27,221 INFO o.a.j.e.StandardJMeterEngine: Running the test!
2018-03-04 18:12:27,222 INFO o.a.j.s.SampleEvent: List of sample_variables: []
2018-03-04 18:12:27,222 INFO o.a.j.g.u.JMeterMenuBar: setRunning(true, *local*)
2018-03-04 18:12:27,281 INFO o.a.j.e.StandardJMeterEngine: Starting ThreadGroup: 1 : Users
2018-03-04 18:12:27,282 INFO o.a.j.e.StandardJMeterEngine: Starting 1 threads for group Users.
2018-03-04 18:12:27,282 INFO o.a.j.e.StandardJMeterEngine: Thread will continue on error
2018-03-04 18:12:27,282 INFO o.a.j.t.ThreadGroup: Starting thread group... number=1 threads=1 ramp-up=1 perThread=1000.0 delayedStart=false
2018-03-04 18:12:27,282 INFO o.a.j.t.ThreadGroup: Started thread group number 1
2018-03-04 18:12:27,282 INFO o.a.j.e.StandardJMeterEngine: All thread groups have been started
2018-03-04 18:12:27,282 INFO o.a.j.t.JMeterThread: Thread started: Users 1-1
2018-03-04 18:12:27,439 INFO o.a.j.t.JMeterThread: Thread is done: Users 1-1
2018-03-04 18:12:27,439 INFO o.a.j.t.JMeterThread: Thread finished: Users 1-1
2018-03-04 18:12:27,439 INFO o.a.j.e.StandardJMeterEngine: Notifying test listeners of end of test
2018-03-04 18:12:27,439 INFO o.a.j.g.u.JMeterMenuBar: setRunning(false, *local*)
2018-03-04 18:12:28,199 INFO o.a.j.e.StandardJMeterEngine: Running the test!
2018-03-04 18:12:28,200 INFO o.a.j.s.SampleEvent: List of sample_variables: []
2018-03-04 18:12:28,200 INFO o.a.j.g.u.JMeterMenuBar: setRunning(true, *local*)
2018-03-04 18:12:28,257 INFO o.a.j.e.StandardJMeterEngine: Starting ThreadGroup: 1 : Users
2018-03-04 18:12:28,257 INFO o.a.j.e.StandardJMeterEngine: Starting 1 threads for group Users.
2018-03-04 18:12:28,257 INFO o.a.j.e.StandardJMeterEngine: Thread will continue on error
2018-03-04 18:12:28,257 INFO o.a.j.t.ThreadGroup: Starting thread group... number=1 threads=1 ramp-up=1 perThread=1000.0 delayedStart=false
2018-03-04 18:12:28,257 INFO o.a.j.t.ThreadGroup: Started thread group number 1
2018-03-04 18:12:28,258 INFO o.a.j.e.StandardJMeterEngine: All thread groups have been started
2018-03-04 18:12:28,258 INFO o.a.j.t.JMeterThread: Thread started: Users 1-1
2018-03-04 18:12:28,398 INFO o.a.j.t.JMeterThread: Thread is done: Users 1-1
2018-03-04 18:12:28,398 INFO o.a.j.t.JMeterThread: Thread finished: Users 1-1
2018-03-04 18:12:28,399 INFO o.a.j.e.StandardJMeterEngine: Notifying test listeners of end of test
2018-03-04 18:12:28,399 INFO o.a.j.g.u.JMeterMenuBar: setRunning(false, *local*)
2018-03-04 18:13:35,749 INFO o.a.j.e.StandardJMeterEngine: Running the test!
2018-03-04 18:13:35,750 INFO o.a.j.s.SampleEvent: List of sample_variables: []
2018-03-04 18:13:35,750 INFO o.a.j.g.u.JMeterMenuBar: setRunning(true, *local*)
2018-03-04 18:13:35,846 INFO o.a.j.e.StandardJMeterEngine: Starting ThreadGroup: 1 : Users
2018-03-04 18:13:35,846 INFO o.a.j.e.StandardJMeterEngine: Starting 1 threads for group Users.
2018-03-04 18:13:35,846 INFO o.a.j.e.StandardJMeterEngine: Thread will continue on error
2018-03-04 18:13:35,846 INFO o.a.j.t.ThreadGroup: Starting thread group... number=1 threads=1 ramp-up=1 perThread=1000.0 delayedStart=false
2018-03-04 18:13:35,847 INFO o.a.j.t.ThreadGroup: Started thread group number 1
2018-03-04 18:13:35,847 INFO o.a.j.e.StandardJMeterEngine: All thread groups have been started
2018-03-04 18:13:35,847 INFO o.a.j.t.JMeterThread: Thread started: Users 1-1
2018-03-04 18:13:36,144 INFO o.a.j.t.JMeterThread: Thread is done: Users 1-1
2018-03-04 18:13:36,144 INFO o.a.j.t.JMeterThread: Thread finished: Users 1-1
2018-03-04 18:13:36,144 INFO o.a.j.e.StandardJMeterEngine: Notifying test listeners of end of test
2018-03-04 18:13:36,144 INFO o.a.j.g.u.JMeterMenuBar: setRunning(false, *local*)
2018-03-04 18:13:38,036 INFO o.a.j.e.StandardJMeterEngine: Running the test!
2018-03-04 18:13:38,036 INFO o.a.j.s.SampleEvent: List of sample_variables: []
2018-03-04 18:13:38,037 INFO o.a.j.g.u.JMeterMenuBar: setRunning(true, *local*)
2018-03-04 18:13:38,118 INFO o.a.j.e.StandardJMeterEngine: Starting ThreadGroup: 1 : Users
2018-03-04 18:13:38,118 INFO o.a.j.e.StandardJMeterEngine: Starting 1 threads for group Users.
2018-03-04 18:13:38,118 INFO o.a.j.e.StandardJMeterEngine: Thread will continue on error
2018-03-04 18:13:38,119 INFO o.a.j.t.ThreadGroup: Starting thread group... number=1 threads=1 ramp-up=1 perThread=1000.0 delayedStart=false
2018-03-04 18:13:38,119 INFO o.a.j.t.ThreadGroup: Started thread group number 1
2018-03-04 18:13:38,119 INFO o.a.j.e.StandardJMeterEngine: All thread groups have been started
2018-03-04 18:13:38,119 INFO o.a.j.t.JMeterThread: Thread started: Users 1-1
2018-03-04 18:13:38,271 INFO o.a.j.t.JMeterThread: Thread is done: Users 1-1
2018-03-04 18:13:38,271 INFO o.a.j.t.JMeterThread: Thread finished: Users 1-1
2018-03-04 18:13:38,271 INFO o.a.j.e.StandardJMeterEngine: Notifying test listeners of end of test
2018-03-04 18:13:38,272 INFO o.a.j.g.u.JMeterMenuBar: setRunning(false, *local*)
2018-03-04 18:26:28,563 INFO o.a.j.e.StandardJMeterEngine: Running the test!
2018-03-04 18:26:28,564 INFO o.a.j.s.SampleEvent: List of sample_variables: []
2018-03-04 18:26:28,565 INFO o.a.j.g.u.JMeterMenuBar: setRunning(true, *local*)
2018-03-04 18:26:28,750 INFO o.a.j.e.StandardJMeterEngine: Starting ThreadGroup: 1 : Users
2018-03-04 18:26:28,750 INFO o.a.j.e.StandardJMeterEngine: Starting 10 threads for group Users.
2018-03-04 18:26:28,750 INFO o.a.j.e.StandardJMeterEngine: Thread will continue on error
2018-03-04 18:26:28,750 INFO o.a.j.t.ThreadGroup: Starting thread group... number=1 threads=10 ramp-up=1 perThread=100.0 delayedStart=false
2018-03-04 18:26:28,751 INFO o.a.j.t.JMeterThread: Thread started: Users 1-1
2018-03-04 18:26:28,752 INFO o.a.j.t.ThreadGroup: Started thread group number 1
2018-03-04 18:26:28,752 INFO o.a.j.e.StandardJMeterEngine: All thread groups have been started
2018-03-04 18:26:28,854 INFO o.a.j.t.JMeterThread: Thread started: Users 1-2
2018-03-04 18:26:28,954 INFO o.a.j.t.JMeterThread: Thread started: Users 1-3
2018-03-04 18:26:29,054 INFO o.a.j.t.JMeterThread: Thread started: Users 1-4
2018-03-04 18:26:29,152 INFO o.a.j.t.JMeterThread: Thread started: Users 1-5
2018-03-04 18:26:29,256 INFO o.a.j.t.JMeterThread: Thread started: Users 1-6
2018-03-04 18:26:29,355 INFO o.a.j.t.JMeterThread: Thread started: Users 1-7
2018-03-04 18:26:29,452 INFO o.a.j.t.JMeterThread: Thread started: Users 1-8
2018-03-04 18:26:29,554 INFO o.a.j.t.JMeterThread: Thread started: Users 1-9
2018-03-04 18:26:29,656 INFO o.a.j.t.JMeterThread: Thread started: Users 1-10
2018-03-04 18:26:53,623 INFO o.a.j.t.JMeterThread: Thread is done: Users 1-3
2018-03-04 18:26:53,625 INFO o.a.j.t.JMeterThread: Thread is done: Users 1-5
2018-03-04 18:26:53,629 INFO o.a.j.t.JMeterThread: Thread finished: Users 1-3
2018-03-04 18:26:53,629 INFO o.a.j.t.JMeterThread: Thread finished: Users 1-5
2018-03-04 18:26:53,812 INFO o.a.j.t.JMeterThread: Thread is done: Users 1-4
2018-03-04 18:26:53,812 INFO o.a.j.t.JMeterThread: Thread finished: Users 1-4
2018-03-04 18:26:54,036 INFO o.a.j.t.JMeterThread: Thread is done: Users 1-8
2018-03-04 18:26:54,036 INFO o.a.j.t.JMeterThread: Thread finished: Users 1-8
2018-03-04 18:26:54,128 INFO o.a.j.t.JMeterThread: Thread is done: Users 1-6
2018-03-04 18:26:54,128 INFO o.a.j.t.JMeterThread: Thread finished: Users 1-6
2018-03-04 18:26:54,131 INFO o.a.j.t.JMeterThread: Thread is done: Users 1-2
2018-03-04 18:26:54,131 INFO o.a.j.t.JMeterThread: Thread finished: Users 1-2
2018-03-04 18:26:54,206 INFO o.a.j.t.JMeterThread: Thread is done: Users 1-10
2018-03-04 18:26:54,206 INFO o.a.j.t.JMeterThread: Thread finished: Users 1-10
2018-03-04 18:26:54,495 INFO o.a.j.t.JMeterThread: Thread is done: Users 1-1
2018-03-04 18:26:54,496 INFO o.a.j.t.JMeterThread: Thread finished: Users 1-1
2018-03-04 18:26:54,689 INFO o.a.j.t.JMeterThread: Thread is done: Users 1-7
2018-03-04 18:26:54,690 INFO o.a.j.t.JMeterThread: Thread finished: Users 1-7
2018-03-04 18:26:54,883 INFO o.a.j.t.JMeterThread: Thread is done: Users 1-9
2018-03-04 18:26:54,883 INFO o.a.j.t.JMeterThread: Thread finished: Users 1-9
2018-03-04 18:26:54,884 INFO o.a.j.e.StandardJMeterEngine: Notifying test listeners of end of test
2018-03-04 18:26:54,884 INFO o.a.j.g.u.JMeterMenuBar: setRunning(false, *local*)
2018-03-04 18:37:01,057 INFO o.a.j.e.StandardJMeterEngine: Running the test!
2018-03-04 18:37:01,058 INFO o.a.j.s.SampleEvent: List of sample_variables: []
2018-03-04 18:37:01,058 INFO o.a.j.g.u.JMeterMenuBar: setRunning(true, *local*)
2018-03-04 18:37:01,206 INFO o.a.j.e.StandardJMeterEngine: Starting ThreadGroup: 1 : Users
2018-03-04 18:37:01,211 INFO o.a.j.e.StandardJMeterEngine: Starting 10 threads for group Users.
2018-03-04 18:37:01,211 INFO o.a.j.e.StandardJMeterEngine: Thread will continue on error
2018-03-04 18:37:01,211 INFO o.a.j.t.ThreadGroup: Starting thread group... number=1 threads=10 ramp-up=1 perThread=100.0 delayedStart=false
2018-03-04 18:37:01,211 INFO o.a.j.t.JMeterThread: Thread started: Users 1-1
2018-03-04 18:37:01,212 INFO o.a.j.t.ThreadGroup: Started thread group number 1
2018-03-04 18:37:01,213 INFO o.a.j.e.StandardJMeterEngine: All thread groups have been started
2018-03-04 18:37:01,317 INFO o.a.j.t.JMeterThread: Thread started: Users 1-2
2018-03-04 18:37:01,417 INFO o.a.j.t.JMeterThread: Thread started: Users 1-3
2018-03-04 18:37:01,512 INFO o.a.j.t.JMeterThread: Thread started: Users 1-4
2018-03-04 18:37:01,615 INFO o.a.j.t.JMeterThread: Thread started: Users 1-5
2018-03-04 18:37:01,712 INFO o.a.j.t.JMeterThread: Thread started: Users 1-6
2018-03-04 18:37:01,813 INFO o.a.j.t.JMeterThread: Thread started: Users 1-7
2018-03-04 18:37:01,887 INFO o.a.j.t.JMeterThread: Thread is done: Users 1-2
2018-03-04 18:37:01,887 INFO o.a.j.t.JMeterThread: Thread finished: Users 1-2
2018-03-04 18:37:01,916 INFO o.a.j.t.JMeterThread: Thread started: Users 1-8
2018-03-04 18:37:01,994 INFO o.a.j.t.JMeterThread: Thread is done: Users 1-4
2018-03-04 18:37:01,994 INFO o.a.j.t.JMeterThread: Thread finished: Users 1-4
2018-03-04 18:37:02,003 INFO o.a.j.t.JMeterThread: Thread is done: Users 1-1
2018-03-04 18:37:02,003 INFO o.a.j.t.JMeterThread: Thread finished: Users 1-1
2018-03-04 18:37:02,009 INFO o.a.j.t.JMeterThread: Thread is done: Users 1-3
2018-03-04 18:37:02,009 INFO o.a.j.t.JMeterThread: Thread finished: Users 1-3
2018-03-04 18:37:02,014 INFO o.a.j.t.JMeterThread: Thread is done: Users 1-5
2018-03-04 18:37:02,014 INFO o.a.j.t.JMeterThread: Thread finished: Users 1-5
2018-03-04 18:37:02,016 INFO o.a.j.t.JMeterThread: Thread started: Users 1-9
2018-03-04 18:37:02,025 INFO o.a.j.t.JMeterThread: Thread is done: Users 1-6
2018-03-04 18:37:02,025 INFO o.a.j.t.JMeterThread: Thread finished: Users 1-6
2018-03-04 18:37:02,078 INFO o.a.j.t.JMeterThread: Thread is done: Users 1-8
2018-03-04 18:37:02,078 INFO o.a.j.t.JMeterThread: Thread finished: Users 1-8
2018-03-04 18:37:02,097 INFO o.a.j.t.JMeterThread: Thread is done: Users 1-7
2018-03-04 18:37:02,097 INFO o.a.j.t.JMeterThread: Thread finished: Users 1-7
2018-03-04 18:37:02,113 INFO o.a.j.t.JMeterThread: Thread started: Users 1-10
2018-03-04 18:37:02,179 INFO o.a.j.t.JMeterThread: Thread is done: Users 1-9
2018-03-04 18:37:02,179 INFO o.a.j.t.JMeterThread: Thread finished: Users 1-9
2018-03-04 18:37:02,277 INFO o.a.j.t.JMeterThread: Thread is done: Users 1-10
2018-03-04 18:37:02,277 INFO o.a.j.t.JMeterThread: Thread finished: Users 1-10
2018-03-04 18:37:02,277 INFO o.a.j.e.StandardJMeterEngine: Notifying test listeners of end of test
2018-03-04 18:37:02,277 INFO o.a.j.g.u.JMeterMenuBar: setRunning(false, *local*)
